<?xml version="1.0" encoding="UTF-8"?>
<coverage generated="1751584098479" clover="3.2.0">
  <project timestamp="1751584098479" name="All files">
    <metrics statements="19" coveredstatements="18" conditionals="8" coveredconditionals="7" methods="4" coveredmethods="4" elements="31" coveredelements="29" complexity="0" loc="19" ncloc="19" packages="1" files="2" classes="2"/>
    <file name="genDiff.js" path="/Users/safia/frontend-project-46/src/genDiff.js">
      <metrics statements="11" coveredstatements="11" conditionals="6" coveredconditionals="6" methods="2" coveredmethods="2"/>
      <line num="3" count="1" type="stmt"/>
      <line num="5" count="1" type="stmt"/>
      <line num="8" count="1" type="stmt"/>
      <line num="9" count="5" type="cond" truecount="2" falsecount="0"/>
      <line num="11" count="2" type="stmt"/>
      <line num="13" count="3" type="cond" truecount="2" falsecount="0"/>
      <line num="15" count="1" type="stmt"/>
      <line num="17" count="2" type="cond" truecount="2" falsecount="0"/>
      <line num="19" count="1" type="stmt"/>
      <line num="22" count="1" type="stmt"/>
      <line num="26" count="1" type="stmt"/>
    </file>
    <file name="parsers.js" path="/Users/safia/frontend-project-46/src/parsers.js">
      <metrics statements="8" coveredstatements="7" conditionals="2" coveredconditionals="1" methods="2" coveredmethods="2"/>
      <line num="4" count="2" type="stmt"/>
      <line num="6" count="1" type="stmt"/>
      <line num="7" count="2" type="stmt"/>
      <line num="8" count="2" type="stmt"/>
      <line num="10" count="2" type="stmt"/>
      <line num="12" count="2" type="cond" truecount="1" falsecount="1"/>
      <line num="13" count="2" type="stmt"/>
      <line num="16" count="0" type="stmt"/>
    </file>
  </project>
</coverage>
