TN:
SF:src/genDiff.js
FN:3,(anonymous_0)
FN:8,(anonymous_1)
FNF:2
FNH:2
FNDA:1,(anonymous_0)
FNDA:5,(anonymous_1)
DA:3,1
DA:5,1
DA:8,1
DA:9,5
DA:11,2
DA:13,3
DA:15,1
DA:17,2
DA:19,1
DA:22,1
DA:26,1
LF:11
LH:11
BRDA:9,0,0,2
BRDA:9,0,1,3
BRDA:13,1,0,1
BRDA:13,1,1,2
BRDA:17,2,0,1
BRDA:17,2,1,1
BRF:6
BRH:6
end_of_record
TN:
SF:src/parsers.js
FN:4,(anonymous_0)
FN:6,(anonymous_1)
FNF:2
FNH:2
FNDA:2,(anonymous_0)
FNDA:2,(anonymous_1)
DA:4,2
DA:6,1
DA:7,2
DA:8,2
DA:10,2
DA:12,2
DA:13,2
DA:16,0
LF:8
LH:7
BRDA:12,0,0,2
BRDA:12,0,1,0
BRF:2
BRH:1
end_of_record
