TN:
SF:src/gendiff.js
FN:5,(anonymous_0)
FN:11,(anonymous_1)
FN:36,(anonymous_2)
FNF:3
FNH:3
FNDA:30,(anonymous_0)
FNDA:90,(anonymous_1)
FNDA:5,(anonymous_2)
DA:5,1
DA:6,30
DA:9,27
DA:11,27
DA:12,90
DA:13,90
DA:15,90
DA:16,20
DA:19,70
DA:20,25
DA:22,45
DA:23,10
DA:25,35
DA:26,15
DA:29,20
DA:33,27
DA:37,5
DA:38,5
DA:39,5
DA:40,5
DA:41,5
LF:21
LH:21
BRDA:6,0,0,3
BRDA:6,0,1,27
BRDA:6,1,0,30
BRDA:6,1,1,28
BRDA:15,2,0,20
BRDA:15,2,1,70
BRDA:15,3,0,90
BRDA:15,3,1,30
BRDA:19,4,0,25
BRDA:19,4,1,45
BRDA:22,5,0,10
BRDA:22,5,1,35
BRDA:25,6,0,15
BRDA:25,6,1,20
BRDA:36,7,0,2
BRF:15
BRH:15
end_of_record
TN:
SF:src/parsers.js
FN:5,(anonymous_0)
FN:7,(anonymous_1)
FN:18,(anonymous_2)
FNF:3
FNH:3
FNDA:14,(anonymous_0)
FNDA:12,(anonymous_1)
FNDA:14,(anonymous_2)
DA:5,14
DA:7,2
DA:8,12
DA:10,7
DA:13,5
DA:15,0
DA:19,14
DA:21,14
DA:23,12
DA:24,12
DA:25,12
LF:11
LH:10
BRDA:8,0,0,7
BRDA:8,0,1,4
BRDA:8,0,2,5
BRDA:8,0,3,0
BRF:4
BRH:3
end_of_record
TN:
SF:src/formatters/index.js
FN:5,(anonymous_0)
FN:18,(anonymous_1)
FNF:2
FNH:2
FNDA:7,(anonymous_0)
FNDA:7,(anonymous_1)
DA:5,1
DA:6,7
DA:8,3
DA:10,2
DA:12,1
DA:14,1
DA:19,7
DA:20,6
LF:8
LH:8
BRDA:6,0,0,3
BRDA:6,0,1,2
BRDA:6,0,2,1
BRDA:6,0,3,1
BRF:4
BRH:4
end_of_record
TN:
SF:src/formatters/json.js
FN:1,(anonymous_0)
FNF:1
FNH:1
FNDA:1,(anonymous_0)
DA:2,1
LF:1
LH:1
BRF:0
BRH:0
end_of_record
TN:
SF:src/formatters/plain.js
FN:3,(anonymous_0)
FN:9,(anonymous_1)
FN:10,(anonymous_2)
FN:11,(anonymous_3)
FNF:4
FNH:4
FNDA:26,(anonymous_0)
FNDA:2,(anonymous_1)
FNDA:10,(anonymous_2)
FNDA:36,(anonymous_3)
DA:3,1
DA:4,26
DA:5,20
DA:6,6
DA:10,2
DA:11,10
DA:12,36
DA:14,36
DA:15,8
DA:18,28
DA:19,8
DA:20,8
DA:21,8
DA:23,20
DA:24,6
DA:26,14
DA:27,10
DA:28,10
DA:30,4
DA:31,4
DA:33,0
DA:36,10
DA:39,2
LF:23
LH:22
BRDA:4,0,0,6
BRDA:4,0,1,20
BRDA:5,1,0,14
BRDA:5,1,1,6
BRDA:10,2,0,2
BRDA:14,3,0,8
BRDA:14,3,1,28
BRDA:18,4,0,8
BRDA:18,4,1,20
BRDA:23,5,0,6
BRDA:23,5,1,14
BRDA:26,6,0,10
BRDA:26,6,1,4
BRDA:30,7,0,4
BRDA:30,7,1,0
BRF:15
BRH:14
end_of_record
TN:
SF:src/formatters/stylish.js
FN:3,(anonymous_0)
FN:7,(anonymous_1)
FN:13,(anonymous_2)
FN:18,(anonymous_3)
FN:22,(anonymous_4)
FNF:5
FNH:5
FNDA:62,(anonymous_0)
FNDA:18,(anonymous_1)
FNDA:3,(anonymous_2)
FNDA:11,(anonymous_3)
FNDA:36,(anonymous_4)
DA:3,1
DA:4,62
DA:5,14
DA:7,14
DA:8,18
DA:10,14
DA:14,3
DA:15,3
DA:16,3
DA:18,3
DA:19,11
DA:20,11
DA:22,11
DA:23,36
DA:24,8
DA:27,28
DA:29,28
DA:30,8
DA:31,8
DA:32,8
DA:34,20
DA:35,6
DA:37,14
DA:38,10
DA:40,4
DA:41,4
DA:43,0
DA:45,11
DA:47,3
LF:29
LH:28
BRDA:4,0,0,48
BRDA:4,0,1,14
BRDA:23,1,0,8
BRDA:23,1,1,28
BRDA:29,2,0,8
BRDA:29,2,1,20
BRDA:34,3,0,6
BRDA:34,3,1,14
BRDA:37,4,0,10
BRDA:37,4,1,4
BRDA:40,5,0,4
BRDA:40,5,1,0
BRF:12
BRH:11
end_of_record
